Using pre-set license
Built from '2022.3/staging' branch; Version is '2022.3.21f1 (bf09ca542b87) revision 12519882'; Using compiler version '192829333'; Build Type 'Release'
OS: 'Windows 11  (10.0.22631) 64bit CoreSingleLanguage' Language: 'en' Physical Memory: 16085 MB
BatchMode: 1, IsHumanControllingUs: 0, StartBugReporterOnCrash: 0, Is64bit: 1, IsPro: 1

COMMAND LINE ARGUMENTS:
D:\Unity\2022.3.21f1\Editor\Unity.exe
-adb2
-batchMode
-noUpm
-name
AssetImportWorker2
-projectPath
C:/Users/user/Documents/GitHub/Scream-Secrets-24/Scream-Secrets-2024
-logFile
Logs/AssetImportWorker2.log
-srvPort
1865
Successfully changed project path to: C:/Users/user/Documents/GitHub/Scream-Secrets-24/Scream-Secrets-2024
C:/Users/user/Documents/GitHub/Scream-Secrets-24/Scream-Secrets-2024
[UnityMemory] Configuration Parameters - Can be set up in boot.config
    "memorysetup-bucket-allocator-granularity=16"
    "memorysetup-bucket-allocator-bucket-count=8"
    "memorysetup-bucket-allocator-block-size=33554432"
    "memorysetup-bucket-allocator-block-count=8"
    "memorysetup-main-allocator-block-size=16777216"
    "memorysetup-thread-allocator-block-size=16777216"
    "memorysetup-gfx-main-allocator-block-size=16777216"
    "memorysetup-gfx-thread-allocator-block-size=16777216"
    "memorysetup-cache-allocator-block-size=4194304"
    "memorysetup-typetree-allocator-block-size=2097152"
    "memorysetup-profiler-bucket-allocator-granularity=16"
    "memorysetup-profiler-bucket-allocator-bucket-count=8"
    "memorysetup-profiler-bucket-allocator-block-size=33554432"
    "memorysetup-profiler-bucket-allocator-block-count=8"
    "memorysetup-profiler-allocator-block-size=16777216"
    "memorysetup-profiler-editor-allocator-block-size=1048576"
    "memorysetup-temp-allocator-size-main=16777216"
    "memorysetup-job-temp-allocator-block-size=2097152"
    "memorysetup-job-temp-allocator-block-size-background=1048576"
    "memorysetup-job-temp-allocator-reduction-small-platforms=262144"
    "memorysetup-allocator-temp-initial-block-size-main=262144"
    "memorysetup-allocator-temp-initial-block-size-worker=262144"
    "memorysetup-temp-allocator-size-background-worker=32768"
    "memorysetup-temp-allocator-size-job-worker=262144"
    "memorysetup-temp-allocator-size-preload-manager=33554432"
    "memorysetup-temp-allocator-size-nav-mesh-worker=65536"
    "memorysetup-temp-allocator-size-audio-worker=65536"
    "memorysetup-temp-allocator-size-cloud-worker=32768"
    "memorysetup-temp-allocator-size-gi-baking-worker=262144"
    "memorysetup-temp-allocator-size-gfx=262144"
Player connection [21752] Host "[IP] 10.101.99.121 [Port] 0 [Flags] 2 [Guid] 2353309278 [EditorId] 2353309278 [Version] 1048832 [Id] WindowsEditor(7,DESKTOP-2M7VFB8) [Debug] 1 [PackageName] WindowsEditor [ProjectName] Editor" joined multi-casting on [225.0.0.222:54997]...

Player connection [21752] Host "[IP] 10.101.99.121 [Port] 0 [Flags] 2 [Guid] 2353309278 [EditorId] 2353309278 [Version] 1048832 [Id] WindowsEditor(7,DESKTOP-2M7VFB8) [Debug] 1 [PackageName] WindowsEditor [ProjectName] Editor" joined alternative multi-casting on [225.0.0.222:34997]...

[Physics::Module] Initialized MultithreadedJobDispatcher with 15 workers.
Refreshing native plugins compatible for Editor in 0.00 ms, found 0 plugins.
Preloading 0 native plugins for Editor in 0.00 ms.
Initialize engine version: 2022.3.21f1 (bf09ca542b87)
[Subsystems] Discovering subsystems at path D:/Unity/2022.3.21f1/Editor/Data/Resources/UnitySubsystems
[Subsystems] Discovering subsystems at path C:/Users/user/Documents/GitHub/Scream-Secrets-24/Scream-Secrets-2024/Assets
GfxDevice: creating device client; threaded=0; jobified=0
Direct3D:
    Version:  Direct3D 11.0 [level 11.1]
    Renderer: NVIDIA GeForce RTX 3050 Laptop GPU (ID=0x25a2)
    Vendor:   NVIDIA
    VRAM:     3964 MB
    Driver:   32.0.15.6094
Initialize mono
Mono path[0] = 'D:/Unity/2022.3.21f1/Editor/Data/Managed'
Mono path[1] = 'D:/Unity/2022.3.21f1/Editor/Data/MonoBleedingEdge/lib/mono/unityjit-win32'
Mono config path = 'D:/Unity/2022.3.21f1/Editor/Data/MonoBleedingEdge/etc'
Using monoOptions --debugger-agent=transport=dt_socket,embedding=1,server=y,suspend=n,address=127.0.0.1:56624
Begin MonoManager ReloadAssembly
Registering precompiled unity dll's ...
Register platform support module: D:/Unity/2022.3.21f1/Editor/Data/PlaybackEngines/WindowsStandaloneSupport/UnityEditor.WindowsStandalone.Extensions.dll
Registered in 0.009950 seconds.
- Loaded All Assemblies, in  0.373 seconds
Native extension for WindowsStandalone target not found
Mono: successfully reloaded assembly
- Finished resetting the current domain, in  0.261 seconds
Domain Reload Profiling: 629ms
	BeginReloadAssembly (125ms)
		ExecutionOrderSort (0ms)
		DisableScriptedObjects (0ms)
		BackupInstance (0ms)
		ReleaseScriptingObjects (0ms)
		CreateAndSetChildDomain (1ms)
	RebuildCommonClasses (36ms)
	RebuildNativeTypeToScriptingClass (14ms)
	initialDomainReloadingComplete (68ms)
	LoadAllAssembliesAndSetupDomain (125ms)
		LoadAssemblies (120ms)
		RebuildTransferFunctionScriptingTraits (0ms)
		AnalyzeDomain (122ms)
			TypeCache.Refresh (121ms)
				TypeCache.ScanAssembly (107ms)
			ScanForSourceGeneratedMonoScriptInfo (0ms)
			ResolveRequiredComponents (0ms)
	FinalizeReload (261ms)
		ReleaseScriptCaches (0ms)
		RebuildScriptCaches (0ms)
		SetupLoadedEditorAssemblies (206ms)
			LogAssemblyErrors (0ms)
			InitializePlatformSupportModulesInManaged (9ms)
			SetLoadedEditorAssemblies (7ms)
			RefreshPlugins (0ms)
			BeforeProcessingInitializeOnLoad (2ms)
			ProcessInitializeOnLoadAttributes (132ms)
			ProcessInitializeOnLoadMethodAttributes (56ms)
			AfterProcessingInitializeOnLoad (0ms)
			EditorAssembliesLoaded (0ms)
		ExecutionOrderSort2 (0ms)
		AwakeInstancesAfterBackupRestoration (0ms)
========================================================================
Worker process is ready to serve import requests
Begin MonoManager ReloadAssembly
- Loaded All Assemblies, in  0.309 seconds
Refreshing native plugins compatible for Editor in 0.00 ms, found 0 plugins.
Native extension for WindowsStandalone target not found
Mono: successfully reloaded assembly
- Finished resetting the current domain, in  0.391 seconds
Domain Reload Profiling: 693ms
	BeginReloadAssembly (195ms)
		ExecutionOrderSort (0ms)
		DisableScriptedObjects (7ms)
		BackupInstance (0ms)
		ReleaseScriptingObjects (0ms)
		CreateAndSetChildDomain (23ms)
	RebuildCommonClasses (45ms)
	RebuildNativeTypeToScriptingClass (13ms)
	initialDomainReloadingComplete (39ms)
	LoadAllAssembliesAndSetupDomain (8ms)
		LoadAssemblies (125ms)
		RebuildTransferFunctionScriptingTraits (0ms)
		AnalyzeDomain (5ms)
			TypeCache.Refresh (4ms)
				TypeCache.ScanAssembly (0ms)
			ScanForSourceGeneratedMonoScriptInfo (0ms)
			ResolveRequiredComponents (1ms)
	FinalizeReload (392ms)
		ReleaseScriptCaches (0ms)
		RebuildScriptCaches (0ms)
		SetupLoadedEditorAssemblies (248ms)
			LogAssemblyErrors (0ms)
			InitializePlatformSupportModulesInManaged (9ms)
			SetLoadedEditorAssemblies (7ms)
			RefreshPlugins (0ms)
			BeforeProcessingInitializeOnLoad (36ms)
			ProcessInitializeOnLoadAttributes (159ms)
			ProcessInitializeOnLoadMethodAttributes (21ms)
			AfterProcessingInitializeOnLoad (16ms)
			EditorAssembliesLoaded (0ms)
		ExecutionOrderSort2 (0ms)
		AwakeInstancesAfterBackupRestoration (6ms)
Launched and connected shader compiler UnityShaderCompiler.exe after 0.04 seconds
Refreshing native plugins compatible for Editor in 0.00 ms, found 0 plugins.
Preloading 0 native plugins for Editor in 0.00 ms.
Unloading 6 Unused Serialized files (Serialized files now loaded: 0)
Unloading 3 unused Assets / (39.9 KB). Loaded Objects now: 477.
Memory consumption went from 52.0 MB to 52.0 MB.
Total: 2.101000 ms (FindLiveObjects: 0.037600 ms CreateObjectMapping: 0.003700 ms MarkObjects: 1.997200 ms  DeleteObjects: 0.061600 ms)

AssetImportParameters requested are different than current active one (requested -> active):
  custom:video-decoder-ogg-theora: a1e56fd34408186e4bbccfd4996cb3dc -> 
  custom:container-muxer-webm: aa71ff27fc2769a1b78a27578f13a17b -> 
  custom:container-demuxer-webm: 4f35f7cbe854078d1ac9338744f61a02 -> 
  custom:video-encoder-webm-vp8: eb34c28f22e8b96e1ab97ce403110664 -> 
  custom:CustomObjectIndexerAttribute: 9a22284fe3817be447336de3de66b15e -> 
  custom:audio-encoder-webm-vorbis: bf7c407c2cedff20999df2af8eb42d56 -> 
  custom:framework-win-MediaFoundation: 216162199b28c13a410421893ffa2e32 -> 
  custom:SearchIndexIgnoredProperties: e643bd26f0fe6173181afceb89e7c659 -> 
  custom:container-demuxer-ogg: 62fdf1f143b41e24485cea50d1cbac27 -> 
  custom:video-decoder-webm-vp8: 9c59270c3fd7afecdb556c50c9e8de78 -> 
  custom:audio-decoder-ogg-vorbis: bf7c407c2cedff20999df2af8eb42d56 -> 
  custom:AudioImporter_EditorPlatform: d09bf68614088b80899f8185d706f6e7 -> 
========================================================================
Received Import Request.
  Time since last request: 3207.226478 seconds.
  path: Assets/Gas station/Textures/MetalPlates.jpg
  artifactKey: Guid(0eec229e09d905641b2aea6df45a0bef) Importer(815301076,1909f56bfc062723c751e8b465ee728b)
Start importing Assets/Gas station/Textures/MetalPlates.jpg using Guid(0eec229e09d905641b2aea6df45a0bef) Importer(815301076,1909f56bfc062723c751e8b465ee728b)  -> (artifact id: 'eb415061b1da12ab8de4279ec98838cc') in 0.052524 seconds
Number of updated asset objects reloaded before import = 0
Number of asset objects unloaded after import = 2
========================================================================
Received Import Request.
  Time since last request: 0.364787 seconds.
  path: Assets/Gas station/Textures/Pack_lighters.jpg
  artifactKey: Guid(0a5d7131b70023f439b4c315e6dd784d) Importer(815301076,1909f56bfc062723c751e8b465ee728b)
Start importing Assets/Gas station/Textures/Pack_lighters.jpg using Guid(0a5d7131b70023f439b4c315e6dd784d) Importer(815301076,1909f56bfc062723c751e8b465ee728b)  -> (artifact id: '84e6a218d6d0bba7c59f7d2657e358f1') in 0.008833 seconds
Number of updated asset objects reloaded before import = 0
Number of asset objects unloaded after import = 2
========================================================================
Received Import Request.
  Time since last request: 0.334850 seconds.
  path: Assets/Gas station/Textures/Road.jpg
  artifactKey: Guid(9b3301187862e0d438761abc577721c4) Importer(815301076,1909f56bfc062723c751e8b465ee728b)
Start importing Assets/Gas station/Textures/Road.jpg using Guid(9b3301187862e0d438761abc577721c4) Importer(815301076,1909f56bfc062723c751e8b465ee728b)  -> (artifact id: '01d81d026a2a80ed9bf63c0f4d9362d5') in 0.005573 seconds
Number of updated asset objects reloaded before import = 0
Number of asset objects unloaded after import = 2
========================================================================
Received Import Request.
  Time since last request: 0.000018 seconds.
  path: Assets/Gas station/Textures/Sign.jpg
  artifactKey: Guid(2518159bbc4480d40a79d4f2b409381e) Importer(815301076,1909f56bfc062723c751e8b465ee728b)
Start importing Assets/Gas station/Textures/Sign.jpg using Guid(2518159bbc4480d40a79d4f2b409381e) Importer(815301076,1909f56bfc062723c751e8b465ee728b)  -> (artifact id: '66d77adfeb60bb523627965b041ea458') in 0.009094 seconds
Number of updated asset objects reloaded before import = 0
Number of asset objects unloaded after import = 2
========================================================================
Received Import Request.
  Time since last request: 0.000034 seconds.
  path: Assets/Gas station/Textures/Shelving.png
  artifactKey: Guid(77faf02b72003904b8eb212ee2ca65b4) Importer(815301076,1909f56bfc062723c751e8b465ee728b)
Start importing Assets/Gas station/Textures/Shelving.png using Guid(77faf02b72003904b8eb212ee2ca65b4) Importer(815301076,1909f56bfc062723c751e8b465ee728b)  -> (artifact id: '5df5c7d1b8d7b359435f66caf981641b') in 0.008776 seconds
Number of updated asset objects reloaded before import = 0
Number of asset objects unloaded after import = 2
========================================================================
Received Import Request.
  Time since last request: 0.000031 seconds.
  path: Assets/Gas station/Textures/Tiles.jpg
  artifactKey: Guid(843faf258fb84a54d97ccdaf0e3d4d2f) Importer(815301076,1909f56bfc062723c751e8b465ee728b)
Start importing Assets/Gas station/Textures/Tiles.jpg using Guid(843faf258fb84a54d97ccdaf0e3d4d2f) Importer(815301076,1909f56bfc062723c751e8b465ee728b)  -> (artifact id: '0120d2fed41f42fb4378f91510c18a8d') in 0.012847 seconds
Number of updated asset objects reloaded before import = 0
Number of asset objects unloaded after import = 2
========================================================================
Received Import Request.
  Time since last request: 0.000061 seconds.
  path: Assets/Gas station/Textures/Tree.png
  artifactKey: Guid(9b88aba8fd1bc884c9a9ecf747498b5d) Importer(815301076,1909f56bfc062723c751e8b465ee728b)
Start importing Assets/Gas station/Textures/Tree.png using Guid(9b88aba8fd1bc884c9a9ecf747498b5d) Importer(815301076,1909f56bfc062723c751e8b465ee728b)  -> (artifact id: '4d9762d2fe289cbc38911b175faf8340') in 0.013791 seconds
Number of updated asset objects reloaded before import = 0
Number of asset objects unloaded after import = 2
========================================================================
Received Import Request.
  Time since last request: 0.000032 seconds.
  path: Assets/Gas station/Textures/TilesPlain.jpg
  artifactKey: Guid(efca6ceb9d4b77f4c88d953bed640487) Importer(815301076,1909f56bfc062723c751e8b465ee728b)
Start importing Assets/Gas station/Textures/TilesPlain.jpg using Guid(efca6ceb9d4b77f4c88d953bed640487) Importer(815301076,1909f56bfc062723c751e8b465ee728b)  -> (artifact id: 'a46fbb9d18099cdb5ff76f13ce3f1448') in 0.010526 seconds
Number of updated asset objects reloaded before import = 0
Number of asset objects unloaded after import = 2
========================================================================
Received Import Request.
  Time since last request: 0.000038 seconds.
  path: Assets/Gas station/Textures/spotlight.png
  artifactKey: Guid(7d78d0393c43f6742af42c285e8a1560) Importer(815301076,1909f56bfc062723c751e8b465ee728b)
Start importing Assets/Gas station/Textures/spotlight.png using Guid(7d78d0393c43f6742af42c285e8a1560) Importer(815301076,1909f56bfc062723c751e8b465ee728b)  -> (artifact id: '6c9e0b1147bba2ab4d24e47030897428') in 0.011277 seconds
Number of updated asset objects reloaded before import = 0
Number of asset objects unloaded after import = 2
========================================================================
Received Import Request.
  Time since last request: 0.000042 seconds.
  path: Assets/Gas station/Textures/Others.png
  artifactKey: Guid(5da8adb09231e5b4891c643cd98bbd48) Importer(815301076,1909f56bfc062723c751e8b465ee728b)
Start importing Assets/Gas station/Textures/Others.png using Guid(5da8adb09231e5b4891c643cd98bbd48) Importer(815301076,1909f56bfc062723c751e8b465ee728b)  -> (artifact id: 'fec429c047daea7e9097cf7cf745125f') in 0.011920 seconds
Number of updated asset objects reloaded before import = 0
Number of asset objects unloaded after import = 2
========================================================================
Received Import Request.
  Time since last request: 0.000124 seconds.
  path: Assets/Gas station/Textures/Toilets_Sing.png
  artifactKey: Guid(60246133d66b1f54bbd612c8a6bf163d) Importer(815301076,1909f56bfc062723c751e8b465ee728b)
Start importing Assets/Gas station/Textures/Toilets_Sing.png using Guid(60246133d66b1f54bbd612c8a6bf163d) Importer(815301076,1909f56bfc062723c751e8b465ee728b)  -> (artifact id: '35fe0971890dc900371e33b6186e5b93') in 0.010363 seconds
Number of updated asset objects reloaded before import = 0
Number of asset objects unloaded after import = 2
Editor requested this worker to shutdown with reason: Scaling down because of idle timeout
TcpMessagingSession - receive error: operation aborted. errorcode: 995, details: The I/O operation has been aborted because of either a thread exit or an application request.
AssetImportWorker is now disconnected from the server
Process exiting
Exiting without the bug reporter. Application will terminate with return code 0